[DEBUG] 2022-07-25 12:56:25.620 [main] PomModelProj1 - for debug logg
[INFO ] 2022-07-25 12:56:27.889 [main] PomModelProj1 - for url logg
[INFO ] 2022-07-25 12:56:28.590 [main] PomModelProj1 - log for click butn
[DEBUG] 2022-07-25 13:03:20.271 [main] PomModelProj1 - for debug logg
[INFO ] 2022-07-25 13:03:22.249 [main] PomModelProj1 - for url logg
[INFO ] 2022-07-25 13:03:22.911 [main] PomModelProj1 - log for click butn
[INFO ] 2022-07-25 13:03:23.060 [main] PomModelProj1 - log for userid
[INFO ] 2022-07-25 13:03:23.176 [main] PomModelProj1 - log for password record
[INFO ] 2022-07-25 13:03:23.513 [main] PomModelProj1 - log for click SIGNIN Button
[DEBUG] 2022-07-25 13:44:16.680 [main] PomModelProj1 - for debug logg
[INFO ] 2022-07-25 13:44:18.590 [main] PomModelProj1 - for url logg
[INFO ] 2022-07-25 13:44:19.321 [main] PomModelProj1 - log for click butn
[INFO ] 2022-07-25 13:44:19.466 [main] PomModelProj1 - log for userid
[INFO ] 2022-07-25 13:44:19.641 [main] PomModelProj1 - log for password record
[INFO ] 2022-07-25 13:44:19.940 [main] PomModelProj1 - log for click SIGNIN Button
[DEBUG] 2022-07-25 14:08:19.248 [main] PomModelProj1 - for debug logg
[INFO ] 2022-07-25 14:08:21.091 [main] PomModelProj1 - for url logg
[INFO ] 2022-07-25 14:08:21.815 [main] PomModelProj1 - log for click butn
[INFO ] 2022-07-25 14:08:22.008 [main] PomModelProj1 - log for userid
[INFO ] 2022-07-25 14:08:22.241 [main] PomModelProj1 - log for password record
[INFO ] 2022-07-25 14:08:22.528 [main] PomModelProj1 - log for click SIGNIN Button
[DEBUG] 2022-07-25 14:16:21.185 [main] PomModelProj1 - for debug logg
[INFO ] 2022-07-25 14:16:23.465 [main] PomModelProj1 - for url logg
[INFO ] 2022-07-25 14:16:24.255 [main] PomModelProj1 - log for click butn
[INFO ] 2022-07-25 14:16:24.382 [main] PomModelProj1 - log for userid
[INFO ] 2022-07-25 14:16:24.549 [main] PomModelProj1 - log for password record
[INFO ] 2022-07-25 14:16:24.910 [main] PomModelProj1 - log for click SIGNIN Button
[DEBUG] 2022-07-25 14:29:02.356 [main] PomModelProj1 - for debug logg
[INFO ] 2022-07-25 14:29:04.196 [main] PomModelProj1 - for url logg
[INFO ] 2022-07-25 14:29:05.056 [main] PomModelProj1 - log for click butn
[INFO ] 2022-07-25 14:29:05.204 [main] PomModelProj1 - log for userid
[INFO ] 2022-07-25 14:29:05.443 [main] PomModelProj1 - log for password record
[INFO ] 2022-07-25 14:29:05.744 [main] PomModelProj1 - log for click SIGNIN Button
[DEBUG] 2022-07-27 12:57:52.293 [main] PomModelProj1 - for debug logg
[INFO ] 2022-07-27 12:57:54.335 [main] PomModelProj1 - for url logg
[INFO ] 2022-07-27 12:57:55.221 [main] PomModelProj1 - log for click butn
[INFO ] 2022-07-27 12:57:55.355 [main] PomModelProj1 - log for userid
[INFO ] 2022-07-27 12:57:55.517 [main] PomModelProj1 - log for password record
[INFO ] 2022-07-27 12:57:55.932 [main] PomModelProj1 - log for click SIGNIN Button
